2018-01-06 06:56:04,473:DEBUG:certbot.main:certbot version: 0.20.0
2018-01-06 06:56:04,475:DEBUG:certbot.main:Arguments: ['--manual', '-d', 'shop.jo-jima.com', '--logs-dir', 'certbot', '--config-dir', 'certbot', '--work-dir', 'certbot']
2018-01-06 06:56:04,476:DEBUG:certbot.main:Discovered plugins: PluginsRegistry(PluginEntryPoint#apache,PluginEntryPoint#manual,PluginEntryPoint#nginx,PluginEntryPoint#null,PluginEntryPoint#standalone,PluginEntryPoint#webroot)
2018-01-06 06:56:04,563:DEBUG:certbot.log:Root logging level set at 20
2018-01-06 06:56:04,564:INFO:certbot.log:Saving debug log to /Users/pyamap/Documents/original/sakeviva_original/certbot/letsencrypt.log
2018-01-06 06:56:04,568:DEBUG:certbot.plugins.selection:Requested authenticator manual and installer None
2018-01-06 06:56:04,576:DEBUG:certbot.plugins.selection:Single candidate plugin: * manual
Description: Manual configuration or run your own shell scripts
Interfaces: IAuthenticator, IPlugin
Entry point: manual = certbot.plugins.manual:Authenticator
Initialized: <certbot.plugins.manual.Authenticator object at 0x10d9b2eb8>
Prep: True
2018-01-06 06:56:04,577:DEBUG:certbot.plugins.selection:Selected authenticator <certbot.plugins.manual.Authenticator object at 0x10d9b2eb8> and installer None
2018-01-06 06:56:04,577:INFO:certbot.plugins.selection:Plugins selected: Authenticator manual, Installer None
2018-01-06 06:56:04,590:DEBUG:certbot.main:Picked account: <Account(RegistrationResource(body=Registration(key=JWKRSA(key=<ComparableRSAKey(<cryptography.hazmat.backends.openssl.rsa._RSAPublicKey object at 0x10e06ea58>)>), contact=('mailto:yukiyamashita1125@gmail.com',), agreement='https://letsencrypt.org/documents/LE-SA-v1.2-November-15-2017.pdf', status='valid'), uri='https://acme-v01.api.letsencrypt.org/acme/reg/27084625', new_authzr_uri='https://acme-v01.api.letsencrypt.org/acme/new-authz', terms_of_service='https://letsencrypt.org/documents/LE-SA-v1.2-November-15-2017.pdf'), a95c96972ab17516716c02b70f92ea13, Meta(creation_dt=datetime.datetime(2018, 1, 6, 6, 36, 21, tzinfo=<UTC>), creation_host='yukipyamashita.local'))>
2018-01-06 06:56:04,614:DEBUG:acme.client:Sending GET request to https://acme-v01.api.letsencrypt.org/directory.
2018-01-06 06:56:04,631:DEBUG:urllib3.connectionpool:Starting new HTTPS connection (1): acme-v01.api.letsencrypt.org
2018-01-06 06:56:05,221:DEBUG:urllib3.connectionpool:https://acme-v01.api.letsencrypt.org:443 "GET /directory HTTP/1.1" 200 562
2018-01-06 06:56:05,223:DEBUG:acme.client:Received response:
HTTP 200
Server: nginx
Content-Type: application/json
Content-Length: 562
Replay-Nonce: oHRXA3K3jPO_ARZZFFlBoHyo1l_K8vZAWklljwXz974
X-Frame-Options: DENY
Strict-Transport-Security: max-age=604800
Expires: Sat, 06 Jan 2018 06:56:05 GMT
Cache-Control: max-age=0, no-cache, no-store
Pragma: no-cache
Date: Sat, 06 Jan 2018 06:56:05 GMT
Connection: keep-alive

b'{\n  "FA45aVtmbB4": "https://community.letsencrypt.org/t/adding-random-entries-to-the-directory/33417",\n  "key-change": "https://acme-v01.api.letsencrypt.org/acme/key-change",\n  "meta": {\n    "terms-of-service": "https://letsencrypt.org/documents/LE-SA-v1.2-November-15-2017.pdf"\n  },\n  "new-authz": "https://acme-v01.api.letsencrypt.org/acme/new-authz",\n  "new-cert": "https://acme-v01.api.letsencrypt.org/acme/new-cert",\n  "new-reg": "https://acme-v01.api.letsencrypt.org/acme/new-reg",\n  "revoke-cert": "https://acme-v01.api.letsencrypt.org/acme/revoke-cert"\n}'
2018-01-06 06:56:05,224:INFO:certbot.main:Obtaining a new certificate
2018-01-06 06:56:05,224:DEBUG:acme.client:Requesting fresh nonce
2018-01-06 06:56:05,224:DEBUG:acme.client:Sending HEAD request to https://acme-v01.api.letsencrypt.org/acme/new-authz.
2018-01-06 06:56:05,777:DEBUG:urllib3.connectionpool:https://acme-v01.api.letsencrypt.org:443 "HEAD /acme/new-authz HTTP/1.1" 405 0
2018-01-06 06:56:05,778:DEBUG:acme.client:Received response:
HTTP 405
Server: nginx
Content-Type: application/problem+json
Content-Length: 91
Allow: POST
Replay-Nonce: djU1ye3s351t0UAAu1brLnxuuD3X-8cHyBZJCwzHYo8
Expires: Sat, 06 Jan 2018 06:56:05 GMT
Cache-Control: max-age=0, no-cache, no-store
Pragma: no-cache
Date: Sat, 06 Jan 2018 06:56:05 GMT
Connection: keep-alive

b''
2018-01-06 06:56:05,778:DEBUG:acme.client:Storing nonce: djU1ye3s351t0UAAu1brLnxuuD3X-8cHyBZJCwzHYo8
2018-01-06 06:56:05,779:DEBUG:acme.client:JWS payload:
b'{\n  "identifier": {\n    "type": "dns",\n    "value": "shop.jo-jima.com"\n  },\n  "resource": "new-authz"\n}'
2018-01-06 06:56:05,785:DEBUG:acme.client:Sending POST request to https://acme-v01.api.letsencrypt.org/acme/new-authz:
{
  "protected": "eyJhbGciOiAiUlMyNTYiLCAiandrIjogeyJuIjogInRKMkZzY1dFVjlUVll5MEZGS3J1eVlOWjJLRmRwY2Fsb21icm1NazdQX19aSXh4ZEliOGJGeEtESW13bDRJZGpybU9NaHp2Q0RpYUZTb213RGRkc0Z4a1pfZGZmbkVfWmhnd0R0LXhodzFSZm1jVHJDa3Itd0FYQUxIV2NCM0tUVXpOZFdtS3cxY1ZVT1ZJTVBCQWtsUDltbnFaTERoRlQwWGRMazBnNDNncDBXaDk1OEJyQlZhZzczQWZubm9ZdTlEa05QamhweUVJSlZRUTMwMlFkZEstXzJiT0hRbE5hYThEX2dlZG83S0tOM1FqVVFNWlVxX3hjSm95aVZVRkdULTI2OFhNSFhweW5qcHVJTUJmQUxJSjVxc1FNN1RxcWJqZkwzOFVvMWZfclNQRHFWbFVKeGZ0bmdzZ3habm5KaFVfaDlUM0dfNDNSVGs0OEhLX1FodyIsICJlIjogIkFRQUIiLCAia3R5IjogIlJTQSJ9LCAibm9uY2UiOiAiZGpVMXllM3MzNTF0MFVBQXUxYnJMbnh1dUQzWC04Y0h5QlpKQ3d6SFlvOCJ9",
  "signature": "odrCzhISpaxklOVNWaLGaPKwR2PicnuGTWgn7-Y0ejjR-nXqKyV0Vo65cm30O1bXHJ4-VZEow9xqFN5kmF-33hMixQyxUnjHZlSOibgOQ5Ica3Z6w2UUYlHK0uYcPN7NOwzoNvMmmiqMCKO3vmFKTzCJ7a6WBq1dIxk-29xjwT9UFKodZRPo4fNFKzh8Hl6zaEwO8mnRQIc7KHrcZOPGwVHAX1tjL30xYjeRakRnXCr7o4x26TVBrteS3UPMiftc4ULRqlx-WxogMD7Yod_a8As66pXy8sCVUN6Td2wCZVV2r-tc3FVpIRquCzD638tpYj-xdGVnw3KRQ6aib5f9sA",
  "payload": "ewogICJpZGVudGlmaWVyIjogewogICAgInR5cGUiOiAiZG5zIiwKICAgICJ2YWx1ZSI6ICJzaG9wLmpvLWppbWEuY29tIgogIH0sCiAgInJlc291cmNlIjogIm5ldy1hdXRoeiIKfQ"
}
2018-01-06 06:56:06,551:DEBUG:urllib3.connectionpool:https://acme-v01.api.letsencrypt.org:443 "POST /acme/new-authz HTTP/1.1" 201 1004
2018-01-06 06:56:06,552:DEBUG:acme.client:Received response:
HTTP 201
Server: nginx
Content-Type: application/json
Content-Length: 1004
Boulder-Requester: 27084625
Link: <https://acme-v01.api.letsencrypt.org/acme/new-cert>;rel="next"
Location: https://acme-v01.api.letsencrypt.org/acme/authz/g9QcQYQB3fj8uoi_LEinAjfJPwzejZlMPlen3RV-Wrg
Replay-Nonce: siHVPMZUcqpjuWPqFussX3sIfUETf-FQxCAHA8GX1BQ
X-Frame-Options: DENY
Strict-Transport-Security: max-age=604800
Expires: Sat, 06 Jan 2018 06:56:06 GMT
Cache-Control: max-age=0, no-cache, no-store
Pragma: no-cache
Date: Sat, 06 Jan 2018 06:56:06 GMT
Connection: keep-alive

b'{\n  "identifier": {\n    "type": "dns",\n    "value": "shop.jo-jima.com"\n  },\n  "status": "pending",\n  "expires": "2018-01-13T06:56:06.542106054Z",\n  "challenges": [\n    {\n      "type": "http-01",\n      "status": "pending",\n      "uri": "https://acme-v01.api.letsencrypt.org/acme/challenge/g9QcQYQB3fj8uoi_LEinAjfJPwzejZlMPlen3RV-Wrg/2998430509",\n      "token": "-UIENzE6p8JOQQ-pkfz6fNHIhWo33gpFru1rIBy-qeY"\n    },\n    {\n      "type": "dns-01",\n      "status": "pending",\n      "uri": "https://acme-v01.api.letsencrypt.org/acme/challenge/g9QcQYQB3fj8uoi_LEinAjfJPwzejZlMPlen3RV-Wrg/2998430510",\n      "token": "qyAfNM2iHA8T7i5O575232xnyHlz7-dgPltNdM16APk"\n    },\n    {\n      "type": "tls-sni-01",\n      "status": "pending",\n      "uri": "https://acme-v01.api.letsencrypt.org/acme/challenge/g9QcQYQB3fj8uoi_LEinAjfJPwzejZlMPlen3RV-Wrg/2998430511",\n      "token": "QqZyFXqFpLrcvNu3xbGxjGly2AE2HD1socRb9MHkNSI"\n    }\n  ],\n  "combinations": [\n    [\n      2\n    ],\n    [\n      1\n    ],\n    [\n      0\n    ]\n  ]\n}'
2018-01-06 06:56:06,552:DEBUG:acme.client:Storing nonce: siHVPMZUcqpjuWPqFussX3sIfUETf-FQxCAHA8GX1BQ
2018-01-06 06:56:06,553:INFO:certbot.auth_handler:Performing the following challenges:
2018-01-06 06:56:06,553:INFO:certbot.auth_handler:http-01 challenge for shop.jo-jima.com
2018-01-06 06:57:28,131:INFO:certbot.auth_handler:Waiting for verification...
2018-01-06 06:57:28,131:DEBUG:acme.client:JWS payload:
b'{\n  "resource": "challenge",\n  "keyAuthorization": "-UIENzE6p8JOQQ-pkfz6fNHIhWo33gpFru1rIBy-qeY.rHjkRSQ3fQDxgpXbDZQ5HL76PtPh26ThfaPY2RC6K3U",\n  "type": "http-01"\n}'
2018-01-06 06:57:28,136:DEBUG:acme.client:Sending POST request to https://acme-v01.api.letsencrypt.org/acme/challenge/g9QcQYQB3fj8uoi_LEinAjfJPwzejZlMPlen3RV-Wrg/2998430509:
{
  "protected": "eyJhbGciOiAiUlMyNTYiLCAiandrIjogeyJuIjogInRKMkZzY1dFVjlUVll5MEZGS3J1eVlOWjJLRmRwY2Fsb21icm1NazdQX19aSXh4ZEliOGJGeEtESW13bDRJZGpybU9NaHp2Q0RpYUZTb213RGRkc0Z4a1pfZGZmbkVfWmhnd0R0LXhodzFSZm1jVHJDa3Itd0FYQUxIV2NCM0tUVXpOZFdtS3cxY1ZVT1ZJTVBCQWtsUDltbnFaTERoRlQwWGRMazBnNDNncDBXaDk1OEJyQlZhZzczQWZubm9ZdTlEa05QamhweUVJSlZRUTMwMlFkZEstXzJiT0hRbE5hYThEX2dlZG83S0tOM1FqVVFNWlVxX3hjSm95aVZVRkdULTI2OFhNSFhweW5qcHVJTUJmQUxJSjVxc1FNN1RxcWJqZkwzOFVvMWZfclNQRHFWbFVKeGZ0bmdzZ3habm5KaFVfaDlUM0dfNDNSVGs0OEhLX1FodyIsICJlIjogIkFRQUIiLCAia3R5IjogIlJTQSJ9LCAibm9uY2UiOiAic2lIVlBNWlVjcXBqdVdQcUZ1c3NYM3NJZlVFVGYtRlF4Q0FIQThHWDFCUSJ9",
  "signature": "i29Ludui5TTRPfqQa9XFwzwTuK2crR52q_dMwsT9he0d0WRapume-xDEuhQYjlVIG4qviQ9uSs0IZdPVK_5dxekylH9fUEs4pCMfFVtxlJoKFu37_PbQRY_GupHU5EzpMaeL9HMN-52Cogo2pW4-KP68lmzVKKSf9x2XabO0j9jPguCvoA7C1uPjIhKacj0XhXTLASWXShpQ8Wru3RcBX1qGBgEVvG1JAdvg2eNMgKdm-gOkM9_CiQgniA75T0HsbDAoaiNiEJsqfPBItPCj2nZPYriHB58iQRPBCSDuJiwAspnRnqQ2SH0JlHXWvwVyd7LDUtuPQ8xbXRzvqvgK7g",
  "payload": "ewogICJyZXNvdXJjZSI6ICJjaGFsbGVuZ2UiLAogICJrZXlBdXRob3JpemF0aW9uIjogIi1VSUVOekU2cDhKT1FRLXBrZno2Zk5ISWhXbzMzZ3BGcnUxcklCeS1xZVkuckhqa1JTUTNmUUR4Z3BYYkRaUTVITDc2UHRQaDI2VGhmYVBZMlJDNkszVSIsCiAgInR5cGUiOiAiaHR0cC0wMSIKfQ"
}
2018-01-06 06:57:28,428:DEBUG:urllib3.connectionpool:https://acme-v01.api.letsencrypt.org:443 "POST /acme/challenge/g9QcQYQB3fj8uoi_LEinAjfJPwzejZlMPlen3RV-Wrg/2998430509 HTTP/1.1" 202 336
2018-01-06 06:57:28,437:DEBUG:acme.client:Received response:
HTTP 202
Server: nginx
Content-Type: application/json
Content-Length: 336
Boulder-Requester: 27084625
Link: <https://acme-v01.api.letsencrypt.org/acme/authz/g9QcQYQB3fj8uoi_LEinAjfJPwzejZlMPlen3RV-Wrg>;rel="up"
Location: https://acme-v01.api.letsencrypt.org/acme/challenge/g9QcQYQB3fj8uoi_LEinAjfJPwzejZlMPlen3RV-Wrg/2998430509
Replay-Nonce: E50Ar81Vazx0mN2HB9-lzIo9N6xtlNubk3ILNpON0ZQ
Expires: Sat, 06 Jan 2018 06:57:28 GMT
Cache-Control: max-age=0, no-cache, no-store
Pragma: no-cache
Date: Sat, 06 Jan 2018 06:57:28 GMT
Connection: keep-alive

b'{\n  "type": "http-01",\n  "status": "pending",\n  "uri": "https://acme-v01.api.letsencrypt.org/acme/challenge/g9QcQYQB3fj8uoi_LEinAjfJPwzejZlMPlen3RV-Wrg/2998430509",\n  "token": "-UIENzE6p8JOQQ-pkfz6fNHIhWo33gpFru1rIBy-qeY",\n  "keyAuthorization": "-UIENzE6p8JOQQ-pkfz6fNHIhWo33gpFru1rIBy-qeY.rHjkRSQ3fQDxgpXbDZQ5HL76PtPh26ThfaPY2RC6K3U"\n}'
2018-01-06 06:57:28,437:DEBUG:acme.client:Storing nonce: E50Ar81Vazx0mN2HB9-lzIo9N6xtlNubk3ILNpON0ZQ
2018-01-06 06:57:31,439:DEBUG:acme.client:Sending GET request to https://acme-v01.api.letsencrypt.org/acme/authz/g9QcQYQB3fj8uoi_LEinAjfJPwzejZlMPlen3RV-Wrg.
2018-01-06 06:57:31,672:DEBUG:urllib3.connectionpool:https://acme-v01.api.letsencrypt.org:443 "GET /acme/authz/g9QcQYQB3fj8uoi_LEinAjfJPwzejZlMPlen3RV-Wrg HTTP/1.1" 200 2121
2018-01-06 06:57:31,672:DEBUG:acme.client:Received response:
HTTP 200
Server: nginx
Content-Type: application/json
Link: <https://acme-v01.api.letsencrypt.org/acme/new-cert>;rel="next"
Replay-Nonce: br6B_gk-gXN9ZSh_ZT2abhrGkmhIXFNFPa_LC1F4Xzk
X-Frame-Options: DENY
Strict-Transport-Security: max-age=604800
Content-Length: 2121
Expires: Sat, 06 Jan 2018 06:57:31 GMT
Cache-Control: max-age=0, no-cache, no-store
Pragma: no-cache
Date: Sat, 06 Jan 2018 06:57:31 GMT
Connection: keep-alive

b'{\n  "identifier": {\n    "type": "dns",\n    "value": "shop.jo-jima.com"\n  },\n  "status": "invalid",\n  "expires": "2018-01-13T06:56:06Z",\n  "challenges": [\n    {\n      "type": "http-01",\n      "status": "invalid",\n      "error": {\n        "type": "urn:acme:error:unauthorized",\n        "detail": "Invalid response from http://shop.jo-jima.com/.well-known/acme-challenge/-UIENzE6p8JOQQ-pkfz6fNHIhWo33gpFru1rIBy-qeY: \\"\\u003c!DOCTYPE html\\u003e\\n\\u003chtml\\u003e\\n\\u003chead\\u003e\\n  \\u003ctitle\\u003eThe page you were looking for doesn\'t exist (404)\\u003c/title\\u003e\\n  \\u003cmeta name=\\"viewport\\" content\\"",\n        "status": 403\n      },\n      "uri": "https://acme-v01.api.letsencrypt.org/acme/challenge/g9QcQYQB3fj8uoi_LEinAjfJPwzejZlMPlen3RV-Wrg/2998430509",\n      "token": "-UIENzE6p8JOQQ-pkfz6fNHIhWo33gpFru1rIBy-qeY",\n      "keyAuthorization": "-UIENzE6p8JOQQ-pkfz6fNHIhWo33gpFru1rIBy-qeY.rHjkRSQ3fQDxgpXbDZQ5HL76PtPh26ThfaPY2RC6K3U",\n      "validationRecord": [\n        {\n          "url": "http://shop.jo-jima.com/.well-known/acme-challenge/-UIENzE6p8JOQQ-pkfz6fNHIhWo33gpFru1rIBy-qeY",\n          "hostname": "shop.jo-jima.com",\n          "port": "80",\n          "addressesResolved": [\n            "50.16.205.156",\n            "23.23.97.32",\n            "23.23.92.140",\n            "50.16.193.200",\n            "50.16.251.65",\n            "50.16.225.220",\n            "50.16.225.242",\n            "23.23.84.12"\n          ],\n          "addressUsed": "50.16.205.156",\n          "addressesTried": []\n        }\n      ]\n    },\n    {\n      "type": "dns-01",\n      "status": "pending",\n      "uri": "https://acme-v01.api.letsencrypt.org/acme/challenge/g9QcQYQB3fj8uoi_LEinAjfJPwzejZlMPlen3RV-Wrg/2998430510",\n      "token": "qyAfNM2iHA8T7i5O575232xnyHlz7-dgPltNdM16APk"\n    },\n    {\n      "type": "tls-sni-01",\n      "status": "pending",\n      "uri": "https://acme-v01.api.letsencrypt.org/acme/challenge/g9QcQYQB3fj8uoi_LEinAjfJPwzejZlMPlen3RV-Wrg/2998430511",\n      "token": "QqZyFXqFpLrcvNu3xbGxjGly2AE2HD1socRb9MHkNSI"\n    }\n  ],\n  "combinations": [\n    [\n      2\n    ],\n    [\n      1\n    ],\n    [\n      0\n    ]\n  ]\n}'
2018-01-06 06:57:31,674:DEBUG:certbot.reporter:Reporting to user: The following errors were reported by the server:

Domain: shop.jo-jima.com
Type:   unauthorized
Detail: Invalid response from http://shop.jo-jima.com/.well-known/acme-challenge/-UIENzE6p8JOQQ-pkfz6fNHIhWo33gpFru1rIBy-qeY: "<!DOCTYPE html>
<html>
<head>
  <title>The page you were looking for doesn't exist (404)</title>
  <meta name="viewport" content"

To fix these errors, please make sure that your domain name was entered correctly and the DNS A/AAAA record(s) for that domain contain(s) the right IP address.
2018-01-06 06:57:31,681:INFO:certbot.auth_handler:Cleaning up challenges
2018-01-06 06:57:31,682:DEBUG:certbot.log:Exiting abnormally:
Traceback (most recent call last):
  File "/usr/local/bin/certbot", line 11, in <module>
    load_entry_point('certbot==0.20.0', 'console_scripts', 'certbot')()
  File "/usr/local/Cellar/certbot/0.20.0/libexec/lib/python3.6/site-packages/certbot/main.py", line 861, in main
    return config.func(config, plugins)
  File "/usr/local/Cellar/certbot/0.20.0/libexec/lib/python3.6/site-packages/certbot/main.py", line 786, in certonly
    lineage = _get_and_save_cert(le_client, config, domains, certname, lineage)
  File "/usr/local/Cellar/certbot/0.20.0/libexec/lib/python3.6/site-packages/certbot/main.py", line 85, in _get_and_save_cert
    lineage = le_client.obtain_and_enroll_certificate(domains, certname)
  File "/usr/local/Cellar/certbot/0.20.0/libexec/lib/python3.6/site-packages/certbot/client.py", line 357, in obtain_and_enroll_certificate
    certr, chain, key, _ = self.obtain_certificate(domains)
  File "/usr/local/Cellar/certbot/0.20.0/libexec/lib/python3.6/site-packages/certbot/client.py", line 318, in obtain_certificate
    self.config.allow_subset_of_names)
  File "/usr/local/Cellar/certbot/0.20.0/libexec/lib/python3.6/site-packages/certbot/auth_handler.py", line 81, in get_authorizations
    self._respond(resp, best_effort)
  File "/usr/local/Cellar/certbot/0.20.0/libexec/lib/python3.6/site-packages/certbot/auth_handler.py", line 138, in _respond
    self._poll_challenges(chall_update, best_effort)
  File "/usr/local/Cellar/certbot/0.20.0/libexec/lib/python3.6/site-packages/certbot/auth_handler.py", line 202, in _poll_challenges
    raise errors.FailedChallenges(all_failed_achalls)
certbot.errors.FailedChallenges: Failed authorization procedure. shop.jo-jima.com (http-01): urn:acme:error:unauthorized :: The client lacks sufficient authorization :: Invalid response from http://shop.jo-jima.com/.well-known/acme-challenge/-UIENzE6p8JOQQ-pkfz6fNHIhWo33gpFru1rIBy-qeY: "<!DOCTYPE html>
<html>
<head>
  <title>The page you were looking for doesn't exist (404)</title>
  <meta name="viewport" content"
